{"level":"info","message":"Server listening on http://localhost:8000","service":"system-service","timestamp":"2023-10-10T19:54:17.701Z"}
{"level":"error","message":"Error: Server not responding.\n    at f.<anonymous> (/Users/raselahmed/Projects/Working----/auth-service-api/build/index.js:1:2467)\n    at Generator.next (<anonymous>)\n    at fulfilled (/Users/raselahmed/Projects/Working----/auth-service-api/node_modules/tslib/tslib.js:166:62)","service":"system-service","timestamp":"2023-10-10T19:54:27.278Z"}
{"level":"info","message":"Attempting a graceful shutdown with code 0","service":"system-service","timestamp":"2023-10-10T20:03:51.026Z"}
{"level":"error","message":"Error: Server not responding.\n    at AuthController.eval (webpack://auth-service-api/./src/controllers/auth.controller.ts?:94:23)\n    at Generator.next (<anonymous>)\n    at fulfilled (/Users/raselahmed/Projects/Working----/auth-service-api/node_modules/tslib/tslib.js:166:62)","service":"system-service","timestamp":"2023-10-10T20:04:46.885Z"}
{"level":"error","message":"Error: Server not responding.\n    at AuthController.eval (webpack://auth-service-api/./src/controllers/auth.controller.ts?:94:23)\n    at Generator.next (<anonymous>)\n    at fulfilled (/Users/raselahmed/Projects/Working----/auth-service-api/node_modules/tslib/tslib.js:166:62)","service":"system-service","timestamp":"2023-10-10T20:05:45.413Z"}
{"level":"error","message":"Error: Server not responding.\n    at AuthController.eval (webpack://auth-service-api/./src/controllers/auth.controller.ts?:94:23)\n    at Generator.next (<anonymous>)\n    at fulfilled (/Users/raselahmed/Projects/Working----/auth-service-api/node_modules/tslib/tslib.js:166:62)","service":"system-service","timestamp":"2023-10-10T20:06:18.963Z"}
{"level":"error","message":"Error: Server not responding.\n    at AuthController.eval (webpack://auth-service-api/./src/controllers/auth.controller.ts?:94:23)\n    at Generator.next (<anonymous>)\n    at fulfilled (/Users/raselahmed/Projects/Working----/auth-service-api/node_modules/tslib/tslib.js:166:62)","service":"system-service","timestamp":"2023-10-10T20:06:52.455Z"}
{"level":"error","message":"Error: Server not responding.\n    at AuthController.eval (webpack://auth-service-api/./src/controllers/auth.controller.ts?:94:23)\n    at Generator.next (<anonymous>)\n    at fulfilled (/Users/raselahmed/Projects/Working----/auth-service-api/node_modules/tslib/tslib.js:166:62)","service":"system-service","timestamp":"2023-10-10T20:07:36.719Z"}
{"level":"error","message":"Error: Server not responding.\n    at AuthController.eval (webpack://auth-service-api/./src/controllers/auth.controller.ts?:94:23)\n    at Generator.next (<anonymous>)\n    at fulfilled (/Users/raselahmed/Projects/Working----/auth-service-api/node_modules/tslib/tslib.js:166:62)/v1/auth/signin","service":"system-service","timestamp":"2023-10-10T20:08:07.776Z"}
{"level":"error","message":"/v1/auth/signinError: Server not responding.\n    at AuthController.eval (webpack://auth-service-api/./src/controllers/auth.controller.ts?:94:23)\n    at Generator.next (<anonymous>)\n    at fulfilled (/Users/raselahmed/Projects/Working----/auth-service-api/node_modules/tslib/tslib.js:166:62)","service":"system-service","timestamp":"2023-10-10T20:08:44.639Z"}
{"level":"error","message":"/v1/auth/signin-Error: Server not responding.\n    at AuthController.eval (webpack://auth-service-api/./src/controllers/auth.controller.ts?:94:23)\n    at Generator.next (<anonymous>)\n    at fulfilled (/Users/raselahmed/Projects/Working----/auth-service-api/node_modules/tslib/tslib.js:166:62)","service":"system-service","timestamp":"2023-10-10T20:44:09.738Z"}
{"level":"error","message":"/v1/auth/signin#$#Error: Server not responding.\n    at AuthController.eval (webpack://auth-service-api/./src/controllers/auth.controller.ts?:94:23)\n    at Generator.next (<anonymous>)\n    at fulfilled (/Users/raselahmed/Projects/Working----/auth-service-api/node_modules/tslib/tslib.js:166:62)","service":"system-service","timestamp":"2023-10-10T20:44:40.556Z"}
{"level":"error","message":"/v1/auth/signin-|-Error: All not OK","meta":"/v1/auth/signin","service":"system-service","timestamp":"2023-10-10T22:03:15.688Z"}
{"level":"error","message":"/v1/auth/signin-|-Error: All not OK","meta":"/v1/auth/signin","service":"system-service","timestamp":"2023-10-10T22:03:27.633Z"}
{"level":"error","message":"Error: All not OK","meta":"/v1/auth/signin","service":"system-service","timestamp":"2023-10-10T22:05:06.264Z"}
{"level":"error","message":"NotFoundError: No users found","meta":"/v1/auth/signin","service":"system-service","timestamp":"2023-10-15T15:47:29.490Z"}
{"level":"error","message":"PrismaClientKnownRequestError: \nInvalid `prisma.subscriptions.update()` invocation:\n\n\nAn operation failed because it depends on one or more records that were required but not found. Record to update not found.","meta":"/v1/subscriptions/ec1f6d77-0a60-4e11-b735-8019e82447bb","service":"system-service","timestamp":"2023-10-20T00:33:25.070Z"}
{"level":"error","message":"SyntaxError: Expected double-quoted property name in JSON at position 113","meta":"/v1/subscriptions/68b884ec-8024-4ef6-b080-b29c2fd2aab8","service":"system-service","timestamp":"2023-10-20T00:35:43.427Z"}
{"level":"error","message":"SyntaxError: Expected double-quoted property name in JSON at position 113","meta":"/v1/subscriptions/68b884ec-8024-4ef6-b080-b29c2fd2aab8","service":"system-service","timestamp":"2023-10-20T00:36:27.815Z"}
{"level":"error","message":"Error: ENOENT: no such file or directory, open 'keys.json'","meta":"/v1/auth/jwk","service":"system-service","timestamp":"2023-10-21T13:20:23.809Z"}
{"level":"error","message":"Error: ENOENT: no such file or directory, open 'keys.json'","meta":"/v1/auth/jwk","service":"system-service","timestamp":"2023-10-21T13:20:30.477Z"}
{"level":"error","message":"TypeError: Do not know how to serialize a BigInt","meta":"/v1/providers/eeb6f017-0e9a-4971-ba1f-0c80b89559a0","service":"system-service","timestamp":"2023-10-21T21:19:55.366Z"}
{"level":"error","message":"JsonWebTokenError: jwt malformed","meta":"/v1/auth/refresh","service":"system-service","timestamp":"2023-10-21T22:11:27.702Z"}
{"level":"error","message":"TypeError: Do not know how to serialize a BigInt","meta":"/v1/providers/eeb6f017-0e9a-4971-ba1f-0c80b89559a0","service":"system-service","timestamp":"2023-10-22T12:28:56.603Z"}
{"level":"error","message":"Error: cors","meta":"/v1/providers/eeb6f017-0e9a-4971-ba1f-0c80b89559a0/users","service":"system-service","timestamp":"2023-10-22T22:03:02.657Z"}
{"level":"error","message":"Error: cors","meta":"/v1/auth/refresh","service":"system-service","timestamp":"2023-10-22T22:04:38.238Z"}
{"level":"error","message":"Error: cors","meta":"/v1/client/auth/signin","service":"system-service","timestamp":"2023-10-22T22:38:34.174Z"}
{"level":"error","message":"PrismaClientKnownRequestError: \nInvalid `prisma.$queryRaw()` invocation:\n\n\nRaw query failed. Code: `42P01`. Message: `relation \"providers_v\" does not exist`","meta":"/v1/providers/e74fdba4-edd4-448c-829d-19f151696a45","service":"system-service","timestamp":"2023-10-25T10:05:50.513Z"}
{"level":"error","message":"PrismaClientKnownRequestError: \nInvalid `prisma.$queryRaw()` invocation:\n\n\nRaw query failed. Code: `42P01`. Message: `relation \"providers_v\" does not exist`","meta":"/v1/providers/e74fdba4-edd4-448c-829d-19f151696a45","service":"system-service","timestamp":"2023-10-25T20:02:57.766Z"}
{"level":"error","message":"PrismaClientKnownRequestError: \nInvalid `prisma.$queryRaw()` invocation:\n\n\nRaw query failed. Code: `42P01`. Message: `relation \"providers_v\" does not exist`","meta":"/v1/providers/e74fdba4-edd4-448c-829d-19f151696a45","service":"system-service","timestamp":"2023-10-27T22:30:41.911Z"}
{"level":"error","message":"PrismaClientKnownRequestError: \nInvalid `prisma.$queryRaw()` invocation:\n\n\nRaw query failed. Code: `42703`. Message: `column \"isActive\" does not exist`","meta":"/v1/providers/e74fdba4-edd4-448c-829d-19f151696a45","service":"system-service","timestamp":"2023-10-27T22:31:30.483Z"}
{"level":"error","message":"PrismaClientKnownRequestError: \nInvalid `prisma.$queryRaw()` invocation:\n\n\nRaw query failed. Code: `42P01`. Message: `relation \"consumer_activities_v\" does not exist`","meta":"/v1/providers/e74fdba4-edd4-448c-829d-19f151696a45","service":"system-service","timestamp":"2023-10-27T22:33:18.215Z"}
